<?xml version="1.0" encoding="UTF-8"?>
<!-- Generated by org.testng.reporters.JUnitXMLReporter -->
<testsuite hostname="DESKTOP-LEJ3GP4" ignored="0" name="ERegistration" tests="6" failures="0" timestamp="26 Mar 2019 18:19:14 GMT" time="14.273" errors="0">
  <testcase name="@BeforeMethod initPageObjects" time="0.002" classname="extentReport.Reports">
    <failure type="java.lang.NullPointerException">
      <![CDATA[java.lang.NullPointerException
at extentReport.Reports.initPageObjects(Reports.java:57)
at java.util.concurrent.FutureTask.run(FutureTask.java:266)
at java.util.concurrent.ThreadPoolExecutor.runWorker(ThreadPoolExecutor.java:1149)
at java.util.concurrent.ThreadPoolExecutor$Worker.run(ThreadPoolExecutor.java:624)
at java.lang.Thread.run(Thread.java:748)
... Removed 19 stack frames]]>
    </failure>
  </testcase> <!-- @BeforeMethod initPageObjects -->
  <testcase name="@BeforeMethod initPageObjects" time="0.001" classname="extentReport.Reports">
    <failure type="java.lang.NullPointerException">
      <![CDATA[java.lang.NullPointerException
at extentReport.Reports.initPageObjects(Reports.java:57)
at java.util.concurrent.FutureTask.run(FutureTask.java:266)
at java.util.concurrent.ThreadPoolExecutor.runWorker(ThreadPoolExecutor.java:1149)
at java.util.concurrent.ThreadPoolExecutor$Worker.run(ThreadPoolExecutor.java:624)
at java.lang.Thread.run(Thread.java:748)
... Removed 19 stack frames]]>
    </failure>
  </testcase> <!-- @BeforeMethod initPageObjects -->
  <testcase name="@BeforeMethod initPageObjects" time="0.004" classname="extentReport.Reports">
    <failure type="java.lang.NullPointerException">
      <![CDATA[java.lang.NullPointerException
at extentReport.Reports.initPageObjects(Reports.java:57)
at java.util.concurrent.FutureTask.run(FutureTask.java:266)
at java.util.concurrent.ThreadPoolExecutor.runWorker(ThreadPoolExecutor.java:1149)
at java.util.concurrent.ThreadPoolExecutor$Worker.run(ThreadPoolExecutor.java:624)
at java.lang.Thread.run(Thread.java:748)
... Removed 19 stack frames]]>
    </failure>
  </testcase> <!-- @BeforeMethod initPageObjects -->
  <testcase name="@BeforeMethod initPageObjects" time="0.0" classname="extentReport.Reports">
    <failure type="java.lang.NullPointerException">
      <![CDATA[java.lang.NullPointerException
at extentReport.Reports.initPageObjects(Reports.java:57)
at java.util.concurrent.FutureTask.run(FutureTask.java:266)
at java.util.concurrent.ThreadPoolExecutor.runWorker(ThreadPoolExecutor.java:1149)
at java.util.concurrent.ThreadPoolExecutor$Worker.run(ThreadPoolExecutor.java:624)
at java.lang.Thread.run(Thread.java:748)
... Removed 19 stack frames]]>
    </failure>
  </testcase> <!-- @BeforeMethod initPageObjects -->
  <testcase name="@BeforeMethod initPageObjects" time="0.001" classname="extentReport.Reports">
    <failure type="java.lang.NullPointerException">
      <![CDATA[java.lang.NullPointerException
at extentReport.Reports.initPageObjects(Reports.java:57)
at java.util.concurrent.FutureTask.run(FutureTask.java:266)
at java.util.concurrent.ThreadPoolExecutor.runWorker(ThreadPoolExecutor.java:1149)
at java.util.concurrent.ThreadPoolExecutor$Worker.run(ThreadPoolExecutor.java:624)
at java.lang.Thread.run(Thread.java:748)
... Removed 19 stack frames]]>
    </failure>
  </testcase> <!-- @BeforeMethod initPageObjects -->
  <testcase name="@BeforeMethod initPageObjects" time="0.0" classname="extentReport.Reports">
    <failure type="java.lang.NullPointerException">
      <![CDATA[java.lang.NullPointerException
at extentReport.Reports.initPageObjects(Reports.java:57)
at java.util.concurrent.FutureTask.run(FutureTask.java:266)
at java.util.concurrent.ThreadPoolExecutor.runWorker(ThreadPoolExecutor.java:1149)
at java.util.concurrent.ThreadPoolExecutor$Worker.run(ThreadPoolExecutor.java:624)
at java.lang.Thread.run(Thread.java:748)
... Removed 19 stack frames]]>
    </failure>
  </testcase> <!-- @BeforeMethod initPageObjects -->
  <testcase name="@AfterClass closeApplication" time="2.078" classname="extentReport.Reports">
    <failure type="org.openqa.selenium.NoSuchSessionException" message="Tried to run command without establishing a connection
Build info: version: &amp;apos;3.141.59&amp;apos;, revision: &amp;apos;e82be7d358&amp;apos;, time: &amp;apos;2018-11-14T08:17:03&amp;apos;
System info: host: &amp;apos;DESKTOP-LEJ3GP4&amp;apos;, ip: &amp;apos;192.168.0.103&amp;apos;, os.name: &amp;apos;Windows 10&amp;apos;, os.arch: &amp;apos;amd64&amp;apos;, os.version: &amp;apos;10.0&amp;apos;, java.version: &amp;apos;1.8.0_201&amp;apos;
Driver info: org.openqa.selenium.firefox.FirefoxDriver
Capabilities {acceptInsecureCerts: true, browserName: firefox, browserVersion: 65.0.2, javascriptEnabled: true, moz:accessibilityChecks: false, moz:geckodriverVersion: 0.24.0, moz:headless: false, moz:processID: 22160, moz:profile: C:\Users\centillion\AppData..., moz:shutdownTimeout: 60000, moz:useNonSpecCompliantPointerOrigin: false, moz:webdriverClick: true, pageLoadStrategy: normal, platform: WINDOWS, platformName: WINDOWS, platformVersion: 10.0, rotatable: false, setWindowRect: true, strictFileInteractability: false, timeouts: {implicit: 0, pageLoad: 300000, script: 30000}, unhandledPromptBehavior: dismiss and notify}
Session ID: f9ac3445-5ffb-4227-a3c6-790d0865302b">
      <![CDATA[org.openqa.selenium.NoSuchSessionException: Tried to run command without establishing a connection
Build info: version: '3.141.59', revision: 'e82be7d358', time: '2018-11-14T08:17:03'
System info: host: 'DESKTOP-LEJ3GP4', ip: '192.168.0.103', os.name: 'Windows 10', os.arch: 'amd64', os.version: '10.0', java.version: '1.8.0_201'
Driver info: org.openqa.selenium.firefox.FirefoxDriver
Capabilities {acceptInsecureCerts: true, browserName: firefox, browserVersion: 65.0.2, javascriptEnabled: true, moz:accessibilityChecks: false, moz:geckodriverVersion: 0.24.0, moz:headless: false, moz:processID: 22160, moz:profile: C:\Users\centillion\AppData..., moz:shutdownTimeout: 60000, moz:useNonSpecCompliantPointerOrigin: false, moz:webdriverClick: true, pageLoadStrategy: normal, platform: WINDOWS, platformName: WINDOWS, platformVersion: 10.0, rotatable: false, setWindowRect: true, strictFileInteractability: false, timeouts: {implicit: 0, pageLoad: 300000, script: 30000}, unhandledPromptBehavior: dismiss and notify}
Session ID: f9ac3445-5ffb-4227-a3c6-790d0865302b
at org.openqa.selenium.remote.http.W3CHttpResponseCodec.createException(W3CHttpResponseCodec.java:187)
at org.openqa.selenium.remote.http.W3CHttpResponseCodec.decode(W3CHttpResponseCodec.java:122)
at org.openqa.selenium.remote.http.W3CHttpResponseCodec.decode(W3CHttpResponseCodec.java:49)
at org.openqa.selenium.remote.HttpCommandExecutor.execute(HttpCommandExecutor.java:158)
at org.openqa.selenium.remote.service.DriverCommandExecutor.execute(DriverCommandExecutor.java:83)
at org.openqa.selenium.remote.RemoteWebDriver.execute(RemoteWebDriver.java:552)
at org.openqa.selenium.remote.RemoteWebDriver.execute(RemoteWebDriver.java:609)
at org.openqa.selenium.remote.RemoteWebDriver.close(RemoteWebDriver.java:442)
at extentReport.Reports.closeApplication(Reports.java:75)
at java.util.concurrent.FutureTask.run(FutureTask.java:266)
at java.util.concurrent.ThreadPoolExecutor.runWorker(ThreadPoolExecutor.java:1149)
at java.util.concurrent.ThreadPoolExecutor$Worker.run(ThreadPoolExecutor.java:624)
at java.lang.Thread.run(Thread.java:748)
... Removed 21 stack frames]]>
    </failure>
  </testcase> <!-- @AfterClass closeApplication -->
  <testcase name="login" time="0.0" classname="testNG.TestNGConcepts">
    <skipped/>
  </testcase> <!-- login -->
  <testcase name="registration" time="0.0" classname="testNG.TestNGConcepts">
    <skipped/>
  </testcase> <!-- registration -->
  <testcase name="searchRegistration" time="0.0" classname="testNG.TestNGConcepts">
    <skipped/>
  </testcase> <!-- searchRegistration -->
  <testcase name="searchRegistration" time="0.0" classname="testNG.TestNGConcepts">
    <skipped/>
  </testcase> <!-- searchRegistration -->
  <testcase name="searchRegistration" time="0.0" classname="testNG.TestNGConcepts">
    <skipped/>
  </testcase> <!-- searchRegistration -->
  <testcase name="show" time="0.0" classname="testNG.TestNGConcepts">
    <skipped/>
  </testcase> <!-- show -->
</testsuite> <!-- ERegistration -->
